ARM GAS  C:\Users\vegmi\AppData\Local\Temp\ccSIqZu4.s 			page 1


   1              		.cpu cortex-m3
   2              		.arch armv7-m
   3              		.fpu softvfp
   4              		.eabi_attribute 20, 1
   5              		.eabi_attribute 21, 1
   6              		.eabi_attribute 23, 3
   7              		.eabi_attribute 24, 1
   8              		.eabi_attribute 25, 1
   9              		.eabi_attribute 26, 1
  10              		.eabi_attribute 30, 1
  11              		.eabi_attribute 34, 1
  12              		.eabi_attribute 18, 4
  13              		.file	"freertos.c"
  14              		.text
  15              	.Ltext0:
  16              		.cfi_sections	.debug_frame
  17              		.file 1 "Core/Src/freertos.c"
  18              		.section	.text.configureTimerForRunTimeStats,"ax",%progbits
  19              		.align	1
  20              		.weak	configureTimerForRunTimeStats
  21              		.syntax unified
  22              		.thumb
  23              		.thumb_func
  25              	configureTimerForRunTimeStats:
  26              	.LFB69:
   1:Core/Src/freertos.c **** /* USER CODE BEGIN Header */
   2:Core/Src/freertos.c **** /**
   3:Core/Src/freertos.c ****   ******************************************************************************
   4:Core/Src/freertos.c ****   * File Name          : freertos.c
   5:Core/Src/freertos.c ****   * Description        : Code for freertos applications
   6:Core/Src/freertos.c ****   ******************************************************************************
   7:Core/Src/freertos.c ****   * @attention
   8:Core/Src/freertos.c ****   *
   9:Core/Src/freertos.c ****   * Copyright (c) 2024 STMicroelectronics.
  10:Core/Src/freertos.c ****   * All rights reserved.
  11:Core/Src/freertos.c ****   *
  12:Core/Src/freertos.c ****   * This software is licensed under terms that can be found in the LICENSE file
  13:Core/Src/freertos.c ****   * in the root directory of this software component.
  14:Core/Src/freertos.c ****   * If no LICENSE file comes with this software, it is provided AS-IS.
  15:Core/Src/freertos.c ****   *
  16:Core/Src/freertos.c ****   ******************************************************************************
  17:Core/Src/freertos.c ****   */
  18:Core/Src/freertos.c **** /* USER CODE END Header */
  19:Core/Src/freertos.c **** 
  20:Core/Src/freertos.c **** /* Includes ------------------------------------------------------------------*/
  21:Core/Src/freertos.c **** #include "FreeRTOS.h"
  22:Core/Src/freertos.c **** #include "task.h"
  23:Core/Src/freertos.c **** #include "main.h"
  24:Core/Src/freertos.c **** 
  25:Core/Src/freertos.c **** /* Private includes ----------------------------------------------------------*/
  26:Core/Src/freertos.c **** /* USER CODE BEGIN Includes */
  27:Core/Src/freertos.c **** 
  28:Core/Src/freertos.c **** /* USER CODE END Includes */
  29:Core/Src/freertos.c **** 
  30:Core/Src/freertos.c **** /* Private typedef -----------------------------------------------------------*/
  31:Core/Src/freertos.c **** /* USER CODE BEGIN PTD */
  32:Core/Src/freertos.c **** 
ARM GAS  C:\Users\vegmi\AppData\Local\Temp\ccSIqZu4.s 			page 2


  33:Core/Src/freertos.c **** /* USER CODE END PTD */
  34:Core/Src/freertos.c **** 
  35:Core/Src/freertos.c **** /* Private define ------------------------------------------------------------*/
  36:Core/Src/freertos.c **** /* USER CODE BEGIN PD */
  37:Core/Src/freertos.c **** 
  38:Core/Src/freertos.c **** /* USER CODE END PD */
  39:Core/Src/freertos.c **** 
  40:Core/Src/freertos.c **** /* Private macro -------------------------------------------------------------*/
  41:Core/Src/freertos.c **** /* USER CODE BEGIN PM */
  42:Core/Src/freertos.c **** 
  43:Core/Src/freertos.c **** /* USER CODE END PM */
  44:Core/Src/freertos.c **** 
  45:Core/Src/freertos.c **** /* Private variables ---------------------------------------------------------*/
  46:Core/Src/freertos.c **** /* USER CODE BEGIN Variables */
  47:Core/Src/freertos.c **** 
  48:Core/Src/freertos.c **** /* USER CODE END Variables */
  49:Core/Src/freertos.c **** 
  50:Core/Src/freertos.c **** /* Private function prototypes -----------------------------------------------*/
  51:Core/Src/freertos.c **** /* USER CODE BEGIN FunctionPrototypes */
  52:Core/Src/freertos.c **** 
  53:Core/Src/freertos.c **** /* USER CODE END FunctionPrototypes */
  54:Core/Src/freertos.c **** 
  55:Core/Src/freertos.c **** /* Hook prototypes */
  56:Core/Src/freertos.c **** void configureTimerForRunTimeStats(void);
  57:Core/Src/freertos.c **** unsigned long getRunTimeCounterValue(void);
  58:Core/Src/freertos.c **** 
  59:Core/Src/freertos.c **** /* USER CODE BEGIN 1 */
  60:Core/Src/freertos.c **** /* Functions needed when configGENERATE_RUN_TIME_STATS is on */
  61:Core/Src/freertos.c **** __weak void configureTimerForRunTimeStats(void)
  62:Core/Src/freertos.c **** {
  27              		.loc 1 62 1 view -0
  28              		.cfi_startproc
  29              		@ args = 0, pretend = 0, frame = 0
  30              		@ frame_needed = 0, uses_anonymous_args = 0
  31              		@ link register save eliminated.
  63:Core/Src/freertos.c **** 
  64:Core/Src/freertos.c **** }
  32              		.loc 1 64 1 view .LVU1
  33 0000 7047     		bx	lr
  34              		.cfi_endproc
  35              	.LFE69:
  37              		.section	.text.getRunTimeCounterValue,"ax",%progbits
  38              		.align	1
  39              		.weak	getRunTimeCounterValue
  40              		.syntax unified
  41              		.thumb
  42              		.thumb_func
  44              	getRunTimeCounterValue:
  45              	.LFB70:
  65:Core/Src/freertos.c **** 
  66:Core/Src/freertos.c **** __weak unsigned long getRunTimeCounterValue(void)
  67:Core/Src/freertos.c **** {
  46              		.loc 1 67 1 view -0
  47              		.cfi_startproc
  48              		@ args = 0, pretend = 0, frame = 0
  49              		@ frame_needed = 0, uses_anonymous_args = 0
  50              		@ link register save eliminated.
ARM GAS  C:\Users\vegmi\AppData\Local\Temp\ccSIqZu4.s 			page 3


  68:Core/Src/freertos.c **** return 0;
  51              		.loc 1 68 1 view .LVU3
  69:Core/Src/freertos.c **** }
  52              		.loc 1 69 1 is_stmt 0 view .LVU4
  53 0000 0020     		movs	r0, #0
  54 0002 7047     		bx	lr
  55              		.cfi_endproc
  56              	.LFE70:
  58              		.text
  59              	.Letext0:
ARM GAS  C:\Users\vegmi\AppData\Local\Temp\ccSIqZu4.s 			page 4


DEFINED SYMBOLS
                            *ABS*:00000000 freertos.c
C:\Users\vegmi\AppData\Local\Temp\ccSIqZu4.s:19     .text.configureTimerForRunTimeStats:00000000 $t
C:\Users\vegmi\AppData\Local\Temp\ccSIqZu4.s:25     .text.configureTimerForRunTimeStats:00000000 configureTimerForRunTimeStats
C:\Users\vegmi\AppData\Local\Temp\ccSIqZu4.s:38     .text.getRunTimeCounterValue:00000000 $t
C:\Users\vegmi\AppData\Local\Temp\ccSIqZu4.s:44     .text.getRunTimeCounterValue:00000000 getRunTimeCounterValue

NO UNDEFINED SYMBOLS
