ARM GAS  C:\Users\vegmi\AppData\Local\Temp\ccfuZVBL.s 			page 1


   1              		.cpu cortex-m3
   2              		.arch armv7-m
   3              		.fpu softvfp
   4              		.eabi_attribute 20, 1
   5              		.eabi_attribute 21, 1
   6              		.eabi_attribute 23, 3
   7              		.eabi_attribute 24, 1
   8              		.eabi_attribute 25, 1
   9              		.eabi_attribute 26, 1
  10              		.eabi_attribute 30, 1
  11              		.eabi_attribute 34, 1
  12              		.eabi_attribute 18, 4
  13              		.file	"lsm6dso_gyroscope.c"
  14              		.text
  15              	.Ltext0:
  16              		.cfi_sections	.debug_frame
  17              		.file 1 "Core/Src/lsm6dso_gyroscope.c"
  18              		.section	.text.lsm6dso_gyroscope_init,"ax",%progbits
  19              		.align	1
  20              		.global	lsm6dso_gyroscope_init
  21              		.syntax unified
  22              		.thumb
  23              		.thumb_func
  25              	lsm6dso_gyroscope_init:
  26              	.LVL0:
  27              	.LFB65:
   1:Core/Src/lsm6dso_gyroscope.c **** /**
   2:Core/Src/lsm6dso_gyroscope.c ****  * @file lsm6dso_gyroscope.c
   3:Core/Src/lsm6dso_gyroscope.c ****  * @brief Contains functionality to read LSM6DSO gyroscope sensor data and calculate rotation rate.
   4:Core/Src/lsm6dso_gyroscope.c ****  *
   5:Core/Src/lsm6dso_gyroscope.c ****  * @author Vegard Myhre
   6:Core/Src/lsm6dso_gyroscope.c ****  * @date 31-01-2024
   7:Core/Src/lsm6dso_gyroscope.c ****  * @version 1.0
   8:Core/Src/lsm6dso_gyroscope.c ****  *
   9:Core/Src/lsm6dso_gyroscope.c ****  * @see Datasheets/lsm6dso_acc_gyro_datasheet.pdf
  10:Core/Src/lsm6dso_gyroscope.c ****  */
  11:Core/Src/lsm6dso_gyroscope.c **** 
  12:Core/Src/lsm6dso_gyroscope.c **** #include "stm32f1xx_hal.h"
  13:Core/Src/lsm6dso_gyroscope.c **** #include "lsm6dso_gyroscope.h"
  14:Core/Src/lsm6dso_gyroscope.c **** #include "math.h"
  15:Core/Src/lsm6dso_gyroscope.c **** 
  16:Core/Src/lsm6dso_gyroscope.c **** /* LSM6DSO Registers */
  17:Core/Src/lsm6dso_gyroscope.c **** const uint8_t LSM6DSO_ADD_REG2   = 0xD6;
  18:Core/Src/lsm6dso_gyroscope.c **** 
  19:Core/Src/lsm6dso_gyroscope.c **** // Gyroscope control registers
  20:Core/Src/lsm6dso_gyroscope.c **** // const uint8_t LSM6DSO_CTRL1_XL  = 0x10;
  21:Core/Src/lsm6dso_gyroscope.c **** const uint8_t LSM6DSO_CTRL2_G   = 0x11;
  22:Core/Src/lsm6dso_gyroscope.c **** 
  23:Core/Src/lsm6dso_gyroscope.c **** /* LSM6DSO gyroscope registers */
  24:Core/Src/lsm6dso_gyroscope.c **** const uint8_t LSM6DSO_OUTX_L_G_ADDR = 0x22;
  25:Core/Src/lsm6dso_gyroscope.c **** const uint8_t LSM6DSO_OUTX_H_G_ADDR = 0x23;
  26:Core/Src/lsm6dso_gyroscope.c **** const uint8_t LSM6DSO_OUTY_L_G_ADDR = 0x24;
  27:Core/Src/lsm6dso_gyroscope.c **** const uint8_t LSM6DSO_OUTY_H_G_ADDR = 0x25;
  28:Core/Src/lsm6dso_gyroscope.c **** const uint8_t LSM6DSO_OUTZ_L_G_ADDR = 0x26;
  29:Core/Src/lsm6dso_gyroscope.c **** const uint8_t LSM6DSO_OUTZ_H_G_ADDR = 0x27;
  30:Core/Src/lsm6dso_gyroscope.c **** 
  31:Core/Src/lsm6dso_gyroscope.c **** /* LSM6DSO register data */
ARM GAS  C:\Users\vegmi\AppData\Local\Temp\ccfuZVBL.s 			page 2


  32:Core/Src/lsm6dso_gyroscope.c **** const uint16_t ONEBYTE = 1;
  33:Core/Src/lsm6dso_gyroscope.c **** const uint8_t LSM6DSO_CTRL2_G_DATA = 0x60;
  34:Core/Src/lsm6dso_gyroscope.c **** 
  35:Core/Src/lsm6dso_gyroscope.c **** HAL_StatusTypeDef lsm6dso_gyroscope_init(I2C_HandleTypeDef *ptr_i2c1)
  36:Core/Src/lsm6dso_gyroscope.c **** {
  28              		.loc 1 36 1 view -0
  29              		.cfi_startproc
  30              		@ args = 0, pretend = 0, frame = 0
  31              		@ frame_needed = 0, uses_anonymous_args = 0
  32              		.loc 1 36 1 is_stmt 0 view .LVU1
  33 0000 00B5     		push	{lr}
  34              		.cfi_def_cfa_offset 4
  35              		.cfi_offset 14, -4
  36 0002 85B0     		sub	sp, sp, #20
  37              		.cfi_def_cfa_offset 24
  37:Core/Src/lsm6dso_gyroscope.c ****     HAL_StatusTypeDef write_memory_ok = HAL_I2C_Mem_Write(ptr_i2c1, LSM6DSO_ADD_REG2, LSM6DSO_CTRL2
  38              		.loc 1 37 5 is_stmt 1 view .LVU2
  39              		.loc 1 37 41 is_stmt 0 view .LVU3
  40 0004 4FF0FF33 		mov	r3, #-1
  41 0008 0293     		str	r3, [sp, #8]
  42 000a 0123     		movs	r3, #1
  43 000c 0193     		str	r3, [sp, #4]
  44 000e 044A     		ldr	r2, .L3
  45 0010 0092     		str	r2, [sp]
  46 0012 1122     		movs	r2, #17
  47 0014 D621     		movs	r1, #214
  48 0016 FFF7FEFF 		bl	HAL_I2C_Mem_Write
  49              	.LVL1:
  38:Core/Src/lsm6dso_gyroscope.c ****                      ONEBYTE, &LSM6DSO_CTRL2_G_DATA, ONEBYTE, HAL_MAX_DELAY);
  39:Core/Src/lsm6dso_gyroscope.c **** 
  40:Core/Src/lsm6dso_gyroscope.c ****     return write_memory_ok;
  50              		.loc 1 40 5 is_stmt 1 view .LVU4
  41:Core/Src/lsm6dso_gyroscope.c **** }
  51              		.loc 1 41 1 is_stmt 0 view .LVU5
  52 001a 05B0     		add	sp, sp, #20
  53              		.cfi_def_cfa_offset 4
  54              		@ sp needed
  55 001c 5DF804FB 		ldr	pc, [sp], #4
  56              	.L4:
  57              		.align	2
  58              	.L3:
  59 0020 00000000 		.word	LSM6DSO_CTRL2_G_DATA
  60              		.cfi_endproc
  61              	.LFE65:
  63              		.global	LSM6DSO_CTRL2_G_DATA
  64              		.section	.rodata.LSM6DSO_CTRL2_G_DATA,"a"
  67              	LSM6DSO_CTRL2_G_DATA:
  68 0000 60       		.byte	96
  69              		.global	ONEBYTE
  70              		.section	.rodata.ONEBYTE,"a"
  71              		.align	1
  74              	ONEBYTE:
  75 0000 0100     		.short	1
  76              		.global	LSM6DSO_OUTZ_H_G_ADDR
  77              		.section	.rodata.LSM6DSO_OUTZ_H_G_ADDR,"a"
  80              	LSM6DSO_OUTZ_H_G_ADDR:
  81 0000 27       		.byte	39
ARM GAS  C:\Users\vegmi\AppData\Local\Temp\ccfuZVBL.s 			page 3


  82              		.global	LSM6DSO_OUTZ_L_G_ADDR
  83              		.section	.rodata.LSM6DSO_OUTZ_L_G_ADDR,"a"
  86              	LSM6DSO_OUTZ_L_G_ADDR:
  87 0000 26       		.byte	38
  88              		.global	LSM6DSO_OUTY_H_G_ADDR
  89              		.section	.rodata.LSM6DSO_OUTY_H_G_ADDR,"a"
  92              	LSM6DSO_OUTY_H_G_ADDR:
  93 0000 25       		.byte	37
  94              		.global	LSM6DSO_OUTY_L_G_ADDR
  95              		.section	.rodata.LSM6DSO_OUTY_L_G_ADDR,"a"
  98              	LSM6DSO_OUTY_L_G_ADDR:
  99 0000 24       		.byte	36
 100              		.global	LSM6DSO_OUTX_H_G_ADDR
 101              		.section	.rodata.LSM6DSO_OUTX_H_G_ADDR,"a"
 104              	LSM6DSO_OUTX_H_G_ADDR:
 105 0000 23       		.byte	35
 106              		.global	LSM6DSO_OUTX_L_G_ADDR
 107              		.section	.rodata.LSM6DSO_OUTX_L_G_ADDR,"a"
 110              	LSM6DSO_OUTX_L_G_ADDR:
 111 0000 22       		.byte	34
 112              		.global	LSM6DSO_CTRL2_G
 113              		.section	.rodata.LSM6DSO_CTRL2_G,"a"
 116              	LSM6DSO_CTRL2_G:
 117 0000 11       		.byte	17
 118              		.global	LSM6DSO_ADD_REG2
 119              		.section	.rodata.LSM6DSO_ADD_REG2,"a"
 122              	LSM6DSO_ADD_REG2:
 123 0000 D6       		.byte	-42
 124              		.text
 125              	.Letext0:
 126              		.file 2 "C:/Users/vegmi/AppData/Roaming/Code/User/globalStorage/bmd.stm32-for-vscode/@xpack-dev-to
 127              		.file 3 "C:/Users/vegmi/AppData/Roaming/Code/User/globalStorage/bmd.stm32-for-vscode/@xpack-dev-to
 128              		.file 4 "Drivers/CMSIS/Device/ST/STM32F1xx/Include/stm32f103xb.h"
 129              		.file 5 "Drivers/STM32F1xx_HAL_Driver/Inc/stm32f1xx_hal_def.h"
 130              		.file 6 "Drivers/STM32F1xx_HAL_Driver/Inc/stm32f1xx_hal_dma.h"
 131              		.file 7 "Drivers/STM32F1xx_HAL_Driver/Inc/stm32f1xx_hal_i2c.h"
ARM GAS  C:\Users\vegmi\AppData\Local\Temp\ccfuZVBL.s 			page 4


DEFINED SYMBOLS
                            *ABS*:00000000 lsm6dso_gyroscope.c
C:\Users\vegmi\AppData\Local\Temp\ccfuZVBL.s:19     .text.lsm6dso_gyroscope_init:00000000 $t
C:\Users\vegmi\AppData\Local\Temp\ccfuZVBL.s:25     .text.lsm6dso_gyroscope_init:00000000 lsm6dso_gyroscope_init
C:\Users\vegmi\AppData\Local\Temp\ccfuZVBL.s:59     .text.lsm6dso_gyroscope_init:00000020 $d
C:\Users\vegmi\AppData\Local\Temp\ccfuZVBL.s:67     .rodata.LSM6DSO_CTRL2_G_DATA:00000000 LSM6DSO_CTRL2_G_DATA
C:\Users\vegmi\AppData\Local\Temp\ccfuZVBL.s:74     .rodata.ONEBYTE:00000000 ONEBYTE
C:\Users\vegmi\AppData\Local\Temp\ccfuZVBL.s:71     .rodata.ONEBYTE:00000000 $d
C:\Users\vegmi\AppData\Local\Temp\ccfuZVBL.s:80     .rodata.LSM6DSO_OUTZ_H_G_ADDR:00000000 LSM6DSO_OUTZ_H_G_ADDR
C:\Users\vegmi\AppData\Local\Temp\ccfuZVBL.s:86     .rodata.LSM6DSO_OUTZ_L_G_ADDR:00000000 LSM6DSO_OUTZ_L_G_ADDR
C:\Users\vegmi\AppData\Local\Temp\ccfuZVBL.s:92     .rodata.LSM6DSO_OUTY_H_G_ADDR:00000000 LSM6DSO_OUTY_H_G_ADDR
C:\Users\vegmi\AppData\Local\Temp\ccfuZVBL.s:98     .rodata.LSM6DSO_OUTY_L_G_ADDR:00000000 LSM6DSO_OUTY_L_G_ADDR
C:\Users\vegmi\AppData\Local\Temp\ccfuZVBL.s:104    .rodata.LSM6DSO_OUTX_H_G_ADDR:00000000 LSM6DSO_OUTX_H_G_ADDR
C:\Users\vegmi\AppData\Local\Temp\ccfuZVBL.s:110    .rodata.LSM6DSO_OUTX_L_G_ADDR:00000000 LSM6DSO_OUTX_L_G_ADDR
C:\Users\vegmi\AppData\Local\Temp\ccfuZVBL.s:116    .rodata.LSM6DSO_CTRL2_G:00000000 LSM6DSO_CTRL2_G
C:\Users\vegmi\AppData\Local\Temp\ccfuZVBL.s:122    .rodata.LSM6DSO_ADD_REG2:00000000 LSM6DSO_ADD_REG2

UNDEFINED SYMBOLS
HAL_I2C_Mem_Write
