ARM GAS  C:\Users\vmyhr\AppData\Local\Temp\ccZTcYPF.s 			page 1


   1              		.cpu cortex-m3
   2              		.arch armv7-m
   3              		.fpu softvfp
   4              		.eabi_attribute 20, 1
   5              		.eabi_attribute 21, 1
   6              		.eabi_attribute 23, 3
   7              		.eabi_attribute 24, 1
   8              		.eabi_attribute 25, 1
   9              		.eabi_attribute 26, 1
  10              		.eabi_attribute 30, 1
  11              		.eabi_attribute 34, 1
  12              		.eabi_attribute 18, 4
  13              		.file	"stm32f1xx_hal_timebase_tim.c"
  14              		.text
  15              	.Ltext0:
  16              		.cfi_sections	.debug_frame
  17              		.file 1 "Core/Src/stm32f1xx_hal_timebase_tim.c"
  18              		.section	.text.HAL_InitTick,"ax",%progbits
  19              		.align	1
  20              		.global	HAL_InitTick
  21              		.syntax unified
  22              		.thumb
  23              		.thumb_func
  25              	HAL_InitTick:
  26              	.LVL0:
  27              	.LFB65:
   1:Core/Src/stm32f1xx_hal_timebase_tim.c **** /* USER CODE BEGIN Header */
   2:Core/Src/stm32f1xx_hal_timebase_tim.c **** /**
   3:Core/Src/stm32f1xx_hal_timebase_tim.c ****   ******************************************************************************
   4:Core/Src/stm32f1xx_hal_timebase_tim.c ****   * @file    stm32f1xx_hal_timebase_tim.c
   5:Core/Src/stm32f1xx_hal_timebase_tim.c ****   * @brief   HAL time base based on the hardware TIM.
   6:Core/Src/stm32f1xx_hal_timebase_tim.c ****   ******************************************************************************
   7:Core/Src/stm32f1xx_hal_timebase_tim.c ****   * @attention
   8:Core/Src/stm32f1xx_hal_timebase_tim.c ****   *
   9:Core/Src/stm32f1xx_hal_timebase_tim.c ****   * Copyright (c) 2024 STMicroelectronics.
  10:Core/Src/stm32f1xx_hal_timebase_tim.c ****   * All rights reserved.
  11:Core/Src/stm32f1xx_hal_timebase_tim.c ****   *
  12:Core/Src/stm32f1xx_hal_timebase_tim.c ****   * This software is licensed under terms that can be found in the LICENSE file
  13:Core/Src/stm32f1xx_hal_timebase_tim.c ****   * in the root directory of this software component.
  14:Core/Src/stm32f1xx_hal_timebase_tim.c ****   * If no LICENSE file comes with this software, it is provided AS-IS.
  15:Core/Src/stm32f1xx_hal_timebase_tim.c ****   *
  16:Core/Src/stm32f1xx_hal_timebase_tim.c ****   ******************************************************************************
  17:Core/Src/stm32f1xx_hal_timebase_tim.c ****   */
  18:Core/Src/stm32f1xx_hal_timebase_tim.c **** /* USER CODE END Header */
  19:Core/Src/stm32f1xx_hal_timebase_tim.c **** 
  20:Core/Src/stm32f1xx_hal_timebase_tim.c **** /* Includes ------------------------------------------------------------------*/
  21:Core/Src/stm32f1xx_hal_timebase_tim.c **** #include "stm32f1xx_hal.h"
  22:Core/Src/stm32f1xx_hal_timebase_tim.c **** #include "stm32f1xx_hal_tim.h"
  23:Core/Src/stm32f1xx_hal_timebase_tim.c **** 
  24:Core/Src/stm32f1xx_hal_timebase_tim.c **** /* Private typedef -----------------------------------------------------------*/
  25:Core/Src/stm32f1xx_hal_timebase_tim.c **** /* Private define ------------------------------------------------------------*/
  26:Core/Src/stm32f1xx_hal_timebase_tim.c **** /* Private macro -------------------------------------------------------------*/
  27:Core/Src/stm32f1xx_hal_timebase_tim.c **** /* Private variables ---------------------------------------------------------*/
  28:Core/Src/stm32f1xx_hal_timebase_tim.c **** TIM_HandleTypeDef        htim4;
  29:Core/Src/stm32f1xx_hal_timebase_tim.c **** /* Private function prototypes -----------------------------------------------*/
  30:Core/Src/stm32f1xx_hal_timebase_tim.c **** void TIM4_IRQHandler(void);
  31:Core/Src/stm32f1xx_hal_timebase_tim.c **** /* Private functions ---------------------------------------------------------*/
ARM GAS  C:\Users\vmyhr\AppData\Local\Temp\ccZTcYPF.s 			page 2


  32:Core/Src/stm32f1xx_hal_timebase_tim.c **** 
  33:Core/Src/stm32f1xx_hal_timebase_tim.c **** /**
  34:Core/Src/stm32f1xx_hal_timebase_tim.c ****   * @brief  This function configures the TIM4 as a time base source.
  35:Core/Src/stm32f1xx_hal_timebase_tim.c ****   *         The time source is configured  to have 1ms time base with a dedicated
  36:Core/Src/stm32f1xx_hal_timebase_tim.c ****   *         Tick interrupt priority.
  37:Core/Src/stm32f1xx_hal_timebase_tim.c ****   * @note   This function is called  automatically at the beginning of program after
  38:Core/Src/stm32f1xx_hal_timebase_tim.c ****   *         reset by HAL_Init() or at any time when clock is configured, by HAL_RCC_ClockConfig().
  39:Core/Src/stm32f1xx_hal_timebase_tim.c ****   * @param  TickPriority: Tick interrupt priority.
  40:Core/Src/stm32f1xx_hal_timebase_tim.c ****   * @retval HAL status
  41:Core/Src/stm32f1xx_hal_timebase_tim.c ****   */
  42:Core/Src/stm32f1xx_hal_timebase_tim.c **** HAL_StatusTypeDef HAL_InitTick(uint32_t TickPriority)
  43:Core/Src/stm32f1xx_hal_timebase_tim.c **** {
  28              		.loc 1 43 1 view -0
  29              		.cfi_startproc
  30              		@ args = 0, pretend = 0, frame = 32
  31              		@ frame_needed = 0, uses_anonymous_args = 0
  32              		.loc 1 43 1 is_stmt 0 view .LVU1
  33 0000 30B5     		push	{r4, r5, lr}
  34              		.cfi_def_cfa_offset 12
  35              		.cfi_offset 4, -12
  36              		.cfi_offset 5, -8
  37              		.cfi_offset 14, -4
  38 0002 89B0     		sub	sp, sp, #36
  39              		.cfi_def_cfa_offset 48
  40 0004 0446     		mov	r4, r0
  44:Core/Src/stm32f1xx_hal_timebase_tim.c ****   RCC_ClkInitTypeDef    clkconfig;
  41              		.loc 1 44 3 is_stmt 1 view .LVU2
  45:Core/Src/stm32f1xx_hal_timebase_tim.c ****   uint32_t              uwTimclock, uwAPB1Prescaler = 0U;
  42              		.loc 1 45 3 view .LVU3
  43              	.LVL1:
  46:Core/Src/stm32f1xx_hal_timebase_tim.c **** 
  47:Core/Src/stm32f1xx_hal_timebase_tim.c ****   uint32_t              uwPrescalerValue = 0U;
  44              		.loc 1 47 3 view .LVU4
  48:Core/Src/stm32f1xx_hal_timebase_tim.c ****   uint32_t              pFLatency;
  45              		.loc 1 48 3 view .LVU5
  49:Core/Src/stm32f1xx_hal_timebase_tim.c ****   HAL_StatusTypeDef     status = HAL_OK;
  46              		.loc 1 49 3 view .LVU6
  50:Core/Src/stm32f1xx_hal_timebase_tim.c **** 
  51:Core/Src/stm32f1xx_hal_timebase_tim.c ****   /* Enable TIM4 clock */
  52:Core/Src/stm32f1xx_hal_timebase_tim.c ****   __HAL_RCC_TIM4_CLK_ENABLE();
  47              		.loc 1 52 3 view .LVU7
  48              	.LBB2:
  49              		.loc 1 52 3 view .LVU8
  50              		.loc 1 52 3 view .LVU9
  51 0006 214B     		ldr	r3, .L9
  52 0008 DA69     		ldr	r2, [r3, #28]
  53 000a 42F00402 		orr	r2, r2, #4
  54 000e DA61     		str	r2, [r3, #28]
  55              		.loc 1 52 3 view .LVU10
  56 0010 DB69     		ldr	r3, [r3, #28]
  57 0012 03F00403 		and	r3, r3, #4
  58 0016 0193     		str	r3, [sp, #4]
  59              		.loc 1 52 3 view .LVU11
  60 0018 019B     		ldr	r3, [sp, #4]
  61              	.LBE2:
  62              		.loc 1 52 3 view .LVU12
  53:Core/Src/stm32f1xx_hal_timebase_tim.c **** 
ARM GAS  C:\Users\vmyhr\AppData\Local\Temp\ccZTcYPF.s 			page 3


  54:Core/Src/stm32f1xx_hal_timebase_tim.c ****   /* Get clock configuration */
  55:Core/Src/stm32f1xx_hal_timebase_tim.c ****   HAL_RCC_GetClockConfig(&clkconfig, &pFLatency);
  63              		.loc 1 55 3 view .LVU13
  64 001a 02A9     		add	r1, sp, #8
  65 001c 03A8     		add	r0, sp, #12
  66              	.LVL2:
  67              		.loc 1 55 3 is_stmt 0 view .LVU14
  68 001e FFF7FEFF 		bl	HAL_RCC_GetClockConfig
  69              	.LVL3:
  56:Core/Src/stm32f1xx_hal_timebase_tim.c **** 
  57:Core/Src/stm32f1xx_hal_timebase_tim.c ****   /* Get APB1 prescaler */
  58:Core/Src/stm32f1xx_hal_timebase_tim.c ****   uwAPB1Prescaler = clkconfig.APB1CLKDivider;
  70              		.loc 1 58 3 is_stmt 1 view .LVU15
  71              		.loc 1 58 19 is_stmt 0 view .LVU16
  72 0022 069B     		ldr	r3, [sp, #24]
  73              	.LVL4:
  59:Core/Src/stm32f1xx_hal_timebase_tim.c ****   /* Compute TIM4 clock */
  60:Core/Src/stm32f1xx_hal_timebase_tim.c ****   if (uwAPB1Prescaler == RCC_HCLK_DIV1)
  74              		.loc 1 60 3 is_stmt 1 view .LVU17
  75              		.loc 1 60 6 is_stmt 0 view .LVU18
  76 0024 CBB9     		cbnz	r3, .L2
  61:Core/Src/stm32f1xx_hal_timebase_tim.c ****   {
  62:Core/Src/stm32f1xx_hal_timebase_tim.c ****     uwTimclock = HAL_RCC_GetPCLK1Freq();
  77              		.loc 1 62 5 is_stmt 1 view .LVU19
  78              		.loc 1 62 18 is_stmt 0 view .LVU20
  79 0026 FFF7FEFF 		bl	HAL_RCC_GetPCLK1Freq
  80              	.LVL5:
  81              		.loc 1 62 18 view .LVU21
  82 002a 0346     		mov	r3, r0
  83              	.LVL6:
  84              	.L3:
  63:Core/Src/stm32f1xx_hal_timebase_tim.c ****   }
  64:Core/Src/stm32f1xx_hal_timebase_tim.c ****   else
  65:Core/Src/stm32f1xx_hal_timebase_tim.c ****   {
  66:Core/Src/stm32f1xx_hal_timebase_tim.c ****     uwTimclock = 2UL * HAL_RCC_GetPCLK1Freq();
  67:Core/Src/stm32f1xx_hal_timebase_tim.c ****   }
  68:Core/Src/stm32f1xx_hal_timebase_tim.c **** 
  69:Core/Src/stm32f1xx_hal_timebase_tim.c ****   /* Compute the prescaler value to have TIM4 counter clock equal to 1MHz */
  70:Core/Src/stm32f1xx_hal_timebase_tim.c ****   uwPrescalerValue = (uint32_t) ((uwTimclock / 1000000U) - 1U);
  85              		.loc 1 70 3 is_stmt 1 view .LVU22
  86              		.loc 1 70 46 is_stmt 0 view .LVU23
  87 002c 184A     		ldr	r2, .L9+4
  88 002e A2FB0323 		umull	r2, r3, r2, r3
  89              	.LVL7:
  90              		.loc 1 70 46 view .LVU24
  91 0032 9B0C     		lsrs	r3, r3, #18
  92              		.loc 1 70 20 view .LVU25
  93 0034 013B     		subs	r3, r3, #1
  94              	.LVL8:
  71:Core/Src/stm32f1xx_hal_timebase_tim.c **** 
  72:Core/Src/stm32f1xx_hal_timebase_tim.c ****   /* Initialize TIM4 */
  73:Core/Src/stm32f1xx_hal_timebase_tim.c ****   htim4.Instance = TIM4;
  95              		.loc 1 73 3 is_stmt 1 view .LVU26
  96              		.loc 1 73 18 is_stmt 0 view .LVU27
  97 0036 1748     		ldr	r0, .L9+8
  98 0038 174A     		ldr	r2, .L9+12
  99 003a 0260     		str	r2, [r0]
ARM GAS  C:\Users\vmyhr\AppData\Local\Temp\ccZTcYPF.s 			page 4


  74:Core/Src/stm32f1xx_hal_timebase_tim.c **** 
  75:Core/Src/stm32f1xx_hal_timebase_tim.c ****   /* Initialize TIMx peripheral as follow:
  76:Core/Src/stm32f1xx_hal_timebase_tim.c **** 
  77:Core/Src/stm32f1xx_hal_timebase_tim.c ****   + Period = [(TIM4CLK/1000) - 1]. to have a (1/1000) s time base.
  78:Core/Src/stm32f1xx_hal_timebase_tim.c ****   + Prescaler = (uwTimclock/1000000 - 1) to have a 1MHz counter clock.
  79:Core/Src/stm32f1xx_hal_timebase_tim.c ****   + ClockDivision = 0
  80:Core/Src/stm32f1xx_hal_timebase_tim.c ****   + Counter direction = Up
  81:Core/Src/stm32f1xx_hal_timebase_tim.c ****   */
  82:Core/Src/stm32f1xx_hal_timebase_tim.c ****   htim4.Init.Period = (1000000U / 1000U) - 1U;
 100              		.loc 1 82 3 is_stmt 1 view .LVU28
 101              		.loc 1 82 21 is_stmt 0 view .LVU29
 102 003c 40F2E732 		movw	r2, #999
 103 0040 C260     		str	r2, [r0, #12]
  83:Core/Src/stm32f1xx_hal_timebase_tim.c ****   htim4.Init.Prescaler = uwPrescalerValue;
 104              		.loc 1 83 3 is_stmt 1 view .LVU30
 105              		.loc 1 83 24 is_stmt 0 view .LVU31
 106 0042 4360     		str	r3, [r0, #4]
  84:Core/Src/stm32f1xx_hal_timebase_tim.c ****   htim4.Init.ClockDivision = 0;
 107              		.loc 1 84 3 is_stmt 1 view .LVU32
 108              		.loc 1 84 28 is_stmt 0 view .LVU33
 109 0044 0023     		movs	r3, #0
 110              	.LVL9:
 111              		.loc 1 84 28 view .LVU34
 112 0046 0361     		str	r3, [r0, #16]
  85:Core/Src/stm32f1xx_hal_timebase_tim.c ****   htim4.Init.CounterMode = TIM_COUNTERMODE_UP;
 113              		.loc 1 85 3 is_stmt 1 view .LVU35
 114              		.loc 1 85 26 is_stmt 0 view .LVU36
 115 0048 8360     		str	r3, [r0, #8]
  86:Core/Src/stm32f1xx_hal_timebase_tim.c ****   htim4.Init.AutoReloadPreload = TIM_AUTORELOAD_PRELOAD_DISABLE;
 116              		.loc 1 86 3 is_stmt 1 view .LVU37
 117              		.loc 1 86 32 is_stmt 0 view .LVU38
 118 004a 8361     		str	r3, [r0, #24]
  87:Core/Src/stm32f1xx_hal_timebase_tim.c **** 
  88:Core/Src/stm32f1xx_hal_timebase_tim.c ****   status = HAL_TIM_Base_Init(&htim4);
 119              		.loc 1 88 3 is_stmt 1 view .LVU39
 120              		.loc 1 88 12 is_stmt 0 view .LVU40
 121 004c FFF7FEFF 		bl	HAL_TIM_Base_Init
 122              	.LVL10:
  89:Core/Src/stm32f1xx_hal_timebase_tim.c ****   if (status == HAL_OK)
 123              		.loc 1 89 3 is_stmt 1 view .LVU41
 124              		.loc 1 89 6 is_stmt 0 view .LVU42
 125 0050 0546     		mov	r5, r0
 126 0052 30B1     		cbz	r0, .L7
 127              	.LVL11:
 128              	.L4:
  90:Core/Src/stm32f1xx_hal_timebase_tim.c ****   {
  91:Core/Src/stm32f1xx_hal_timebase_tim.c ****     /* Start the TIM time Base generation in interrupt mode */
  92:Core/Src/stm32f1xx_hal_timebase_tim.c ****     status = HAL_TIM_Base_Start_IT(&htim4);
  93:Core/Src/stm32f1xx_hal_timebase_tim.c ****     if (status == HAL_OK)
  94:Core/Src/stm32f1xx_hal_timebase_tim.c ****     {
  95:Core/Src/stm32f1xx_hal_timebase_tim.c ****     /* Enable the TIM4 global Interrupt */
  96:Core/Src/stm32f1xx_hal_timebase_tim.c ****         HAL_NVIC_EnableIRQ(TIM4_IRQn);
  97:Core/Src/stm32f1xx_hal_timebase_tim.c ****       /* Configure the SysTick IRQ priority */
  98:Core/Src/stm32f1xx_hal_timebase_tim.c ****       if (TickPriority < (1UL << __NVIC_PRIO_BITS))
  99:Core/Src/stm32f1xx_hal_timebase_tim.c ****       {
 100:Core/Src/stm32f1xx_hal_timebase_tim.c ****         /* Configure the TIM IRQ priority */
 101:Core/Src/stm32f1xx_hal_timebase_tim.c ****         HAL_NVIC_SetPriority(TIM4_IRQn, TickPriority, 0U);
ARM GAS  C:\Users\vmyhr\AppData\Local\Temp\ccZTcYPF.s 			page 5


 102:Core/Src/stm32f1xx_hal_timebase_tim.c ****         uwTickPrio = TickPriority;
 103:Core/Src/stm32f1xx_hal_timebase_tim.c ****       }
 104:Core/Src/stm32f1xx_hal_timebase_tim.c ****       else
 105:Core/Src/stm32f1xx_hal_timebase_tim.c ****       {
 106:Core/Src/stm32f1xx_hal_timebase_tim.c ****         status = HAL_ERROR;
 107:Core/Src/stm32f1xx_hal_timebase_tim.c ****       }
 108:Core/Src/stm32f1xx_hal_timebase_tim.c ****     }
 109:Core/Src/stm32f1xx_hal_timebase_tim.c ****   }
 110:Core/Src/stm32f1xx_hal_timebase_tim.c **** 
 111:Core/Src/stm32f1xx_hal_timebase_tim.c ****  /* Return function status */
 112:Core/Src/stm32f1xx_hal_timebase_tim.c ****   return status;
 129              		.loc 1 112 3 is_stmt 1 view .LVU43
 113:Core/Src/stm32f1xx_hal_timebase_tim.c **** }
 130              		.loc 1 113 1 is_stmt 0 view .LVU44
 131 0054 2846     		mov	r0, r5
 132 0056 09B0     		add	sp, sp, #36
 133              		.cfi_remember_state
 134              		.cfi_def_cfa_offset 12
 135              		@ sp needed
 136 0058 30BD     		pop	{r4, r5, pc}
 137              	.LVL12:
 138              	.L2:
 139              		.cfi_restore_state
  66:Core/Src/stm32f1xx_hal_timebase_tim.c ****   }
 140              		.loc 1 66 5 is_stmt 1 view .LVU45
  66:Core/Src/stm32f1xx_hal_timebase_tim.c ****   }
 141              		.loc 1 66 24 is_stmt 0 view .LVU46
 142 005a FFF7FEFF 		bl	HAL_RCC_GetPCLK1Freq
 143              	.LVL13:
  66:Core/Src/stm32f1xx_hal_timebase_tim.c ****   }
 144              		.loc 1 66 16 discriminator 1 view .LVU47
 145 005e 4300     		lsls	r3, r0, #1
 146              	.LVL14:
  66:Core/Src/stm32f1xx_hal_timebase_tim.c ****   }
 147              		.loc 1 66 16 discriminator 1 view .LVU48
 148 0060 E4E7     		b	.L3
 149              	.LVL15:
 150              	.L7:
  92:Core/Src/stm32f1xx_hal_timebase_tim.c ****     if (status == HAL_OK)
 151              		.loc 1 92 5 is_stmt 1 view .LVU49
  92:Core/Src/stm32f1xx_hal_timebase_tim.c ****     if (status == HAL_OK)
 152              		.loc 1 92 14 is_stmt 0 view .LVU50
 153 0062 0C48     		ldr	r0, .L9+8
 154              	.LVL16:
  92:Core/Src/stm32f1xx_hal_timebase_tim.c ****     if (status == HAL_OK)
 155              		.loc 1 92 14 view .LVU51
 156 0064 FFF7FEFF 		bl	HAL_TIM_Base_Start_IT
 157              	.LVL17:
  93:Core/Src/stm32f1xx_hal_timebase_tim.c ****     {
 158              		.loc 1 93 5 is_stmt 1 view .LVU52
  93:Core/Src/stm32f1xx_hal_timebase_tim.c ****     {
 159              		.loc 1 93 8 is_stmt 0 view .LVU53
 160 0068 0546     		mov	r5, r0
 161 006a 0028     		cmp	r0, #0
 162 006c F2D1     		bne	.L4
  96:Core/Src/stm32f1xx_hal_timebase_tim.c ****       /* Configure the SysTick IRQ priority */
 163              		.loc 1 96 9 is_stmt 1 view .LVU54
ARM GAS  C:\Users\vmyhr\AppData\Local\Temp\ccZTcYPF.s 			page 6


 164 006e 1E20     		movs	r0, #30
 165              	.LVL18:
  96:Core/Src/stm32f1xx_hal_timebase_tim.c ****       /* Configure the SysTick IRQ priority */
 166              		.loc 1 96 9 is_stmt 0 view .LVU55
 167 0070 FFF7FEFF 		bl	HAL_NVIC_EnableIRQ
 168              	.LVL19:
  98:Core/Src/stm32f1xx_hal_timebase_tim.c ****       {
 169              		.loc 1 98 7 is_stmt 1 view .LVU56
  98:Core/Src/stm32f1xx_hal_timebase_tim.c ****       {
 170              		.loc 1 98 10 is_stmt 0 view .LVU57
 171 0074 0F2C     		cmp	r4, #15
 172 0076 01D9     		bls	.L8
 106:Core/Src/stm32f1xx_hal_timebase_tim.c ****       }
 173              		.loc 1 106 16 view .LVU58
 174 0078 0125     		movs	r5, #1
 175              	.LVL20:
 106:Core/Src/stm32f1xx_hal_timebase_tim.c ****       }
 176              		.loc 1 106 16 view .LVU59
 177 007a EBE7     		b	.L4
 178              	.LVL21:
 179              	.L8:
 101:Core/Src/stm32f1xx_hal_timebase_tim.c ****         uwTickPrio = TickPriority;
 180              		.loc 1 101 9 is_stmt 1 view .LVU60
 181 007c 0022     		movs	r2, #0
 182 007e 2146     		mov	r1, r4
 183 0080 1E20     		movs	r0, #30
 184 0082 FFF7FEFF 		bl	HAL_NVIC_SetPriority
 185              	.LVL22:
 102:Core/Src/stm32f1xx_hal_timebase_tim.c ****       }
 186              		.loc 1 102 9 view .LVU61
 102:Core/Src/stm32f1xx_hal_timebase_tim.c ****       }
 187              		.loc 1 102 20 is_stmt 0 view .LVU62
 188 0086 054B     		ldr	r3, .L9+16
 189 0088 1C60     		str	r4, [r3]
 190 008a E3E7     		b	.L4
 191              	.L10:
 192              		.align	2
 193              	.L9:
 194 008c 00100240 		.word	1073876992
 195 0090 83DE1B43 		.word	1125899907
 196 0094 00000000 		.word	htim4
 197 0098 00080040 		.word	1073743872
 198 009c 00000000 		.word	uwTickPrio
 199              		.cfi_endproc
 200              	.LFE65:
 202              		.section	.text.HAL_SuspendTick,"ax",%progbits
 203              		.align	1
 204              		.global	HAL_SuspendTick
 205              		.syntax unified
 206              		.thumb
 207              		.thumb_func
 209              	HAL_SuspendTick:
 210              	.LFB66:
 114:Core/Src/stm32f1xx_hal_timebase_tim.c **** 
 115:Core/Src/stm32f1xx_hal_timebase_tim.c **** /**
 116:Core/Src/stm32f1xx_hal_timebase_tim.c ****   * @brief  Suspend Tick increment.
 117:Core/Src/stm32f1xx_hal_timebase_tim.c ****   * @note   Disable the tick increment by disabling TIM4 update interrupt.
ARM GAS  C:\Users\vmyhr\AppData\Local\Temp\ccZTcYPF.s 			page 7


 118:Core/Src/stm32f1xx_hal_timebase_tim.c ****   * @param  None
 119:Core/Src/stm32f1xx_hal_timebase_tim.c ****   * @retval None
 120:Core/Src/stm32f1xx_hal_timebase_tim.c ****   */
 121:Core/Src/stm32f1xx_hal_timebase_tim.c **** void HAL_SuspendTick(void)
 122:Core/Src/stm32f1xx_hal_timebase_tim.c **** {
 211              		.loc 1 122 1 is_stmt 1 view -0
 212              		.cfi_startproc
 213              		@ args = 0, pretend = 0, frame = 0
 214              		@ frame_needed = 0, uses_anonymous_args = 0
 215              		@ link register save eliminated.
 123:Core/Src/stm32f1xx_hal_timebase_tim.c ****   /* Disable TIM4 update Interrupt */
 124:Core/Src/stm32f1xx_hal_timebase_tim.c ****   __HAL_TIM_DISABLE_IT(&htim4, TIM_IT_UPDATE);
 216              		.loc 1 124 3 view .LVU64
 217 0000 034B     		ldr	r3, .L12
 218 0002 1A68     		ldr	r2, [r3]
 219 0004 D368     		ldr	r3, [r2, #12]
 220 0006 23F00103 		bic	r3, r3, #1
 221 000a D360     		str	r3, [r2, #12]
 125:Core/Src/stm32f1xx_hal_timebase_tim.c **** }
 222              		.loc 1 125 1 is_stmt 0 view .LVU65
 223 000c 7047     		bx	lr
 224              	.L13:
 225 000e 00BF     		.align	2
 226              	.L12:
 227 0010 00000000 		.word	htim4
 228              		.cfi_endproc
 229              	.LFE66:
 231              		.section	.text.HAL_ResumeTick,"ax",%progbits
 232              		.align	1
 233              		.global	HAL_ResumeTick
 234              		.syntax unified
 235              		.thumb
 236              		.thumb_func
 238              	HAL_ResumeTick:
 239              	.LFB67:
 126:Core/Src/stm32f1xx_hal_timebase_tim.c **** 
 127:Core/Src/stm32f1xx_hal_timebase_tim.c **** /**
 128:Core/Src/stm32f1xx_hal_timebase_tim.c ****   * @brief  Resume Tick increment.
 129:Core/Src/stm32f1xx_hal_timebase_tim.c ****   * @note   Enable the tick increment by Enabling TIM4 update interrupt.
 130:Core/Src/stm32f1xx_hal_timebase_tim.c ****   * @param  None
 131:Core/Src/stm32f1xx_hal_timebase_tim.c ****   * @retval None
 132:Core/Src/stm32f1xx_hal_timebase_tim.c ****   */
 133:Core/Src/stm32f1xx_hal_timebase_tim.c **** void HAL_ResumeTick(void)
 134:Core/Src/stm32f1xx_hal_timebase_tim.c **** {
 240              		.loc 1 134 1 is_stmt 1 view -0
 241              		.cfi_startproc
 242              		@ args = 0, pretend = 0, frame = 0
 243              		@ frame_needed = 0, uses_anonymous_args = 0
 244              		@ link register save eliminated.
 135:Core/Src/stm32f1xx_hal_timebase_tim.c ****   /* Enable TIM4 Update interrupt */
 136:Core/Src/stm32f1xx_hal_timebase_tim.c ****   __HAL_TIM_ENABLE_IT(&htim4, TIM_IT_UPDATE);
 245              		.loc 1 136 3 view .LVU67
 246 0000 034B     		ldr	r3, .L15
 247 0002 1A68     		ldr	r2, [r3]
 248 0004 D368     		ldr	r3, [r2, #12]
 249 0006 43F00103 		orr	r3, r3, #1
 250 000a D360     		str	r3, [r2, #12]
ARM GAS  C:\Users\vmyhr\AppData\Local\Temp\ccZTcYPF.s 			page 8


 137:Core/Src/stm32f1xx_hal_timebase_tim.c **** }
 251              		.loc 1 137 1 is_stmt 0 view .LVU68
 252 000c 7047     		bx	lr
 253              	.L16:
 254 000e 00BF     		.align	2
 255              	.L15:
 256 0010 00000000 		.word	htim4
 257              		.cfi_endproc
 258              	.LFE67:
 260              		.global	htim4
 261              		.section	.bss.htim4,"aw",%nobits
 262              		.align	2
 265              	htim4:
 266 0000 00000000 		.space	72
 266      00000000 
 266      00000000 
 266      00000000 
 266      00000000 
 267              		.text
 268              	.Letext0:
 269              		.file 2 "Drivers/CMSIS/Device/ST/STM32F1xx/Include/stm32f103xb.h"
 270              		.file 3 "C:/Users/vmyhr/AppData/Roaming/Code/User/globalStorage/bmd.stm32-for-vscode/@xpack-dev-to
 271              		.file 4 "C:/Users/vmyhr/AppData/Roaming/Code/User/globalStorage/bmd.stm32-for-vscode/@xpack-dev-to
 272              		.file 5 "Drivers/STM32F1xx_HAL_Driver/Inc/stm32f1xx_hal_def.h"
 273              		.file 6 "Drivers/STM32F1xx_HAL_Driver/Inc/stm32f1xx_hal_rcc.h"
 274              		.file 7 "Drivers/STM32F1xx_HAL_Driver/Inc/stm32f1xx_hal_dma.h"
 275              		.file 8 "Drivers/STM32F1xx_HAL_Driver/Inc/stm32f1xx_hal_tim.h"
 276              		.file 9 "Drivers/STM32F1xx_HAL_Driver/Inc/stm32f1xx_hal.h"
 277              		.file 10 "Drivers/STM32F1xx_HAL_Driver/Inc/stm32f1xx_hal_cortex.h"
ARM GAS  C:\Users\vmyhr\AppData\Local\Temp\ccZTcYPF.s 			page 9


DEFINED SYMBOLS
                            *ABS*:00000000 stm32f1xx_hal_timebase_tim.c
C:\Users\vmyhr\AppData\Local\Temp\ccZTcYPF.s:19     .text.HAL_InitTick:00000000 $t
C:\Users\vmyhr\AppData\Local\Temp\ccZTcYPF.s:25     .text.HAL_InitTick:00000000 HAL_InitTick
C:\Users\vmyhr\AppData\Local\Temp\ccZTcYPF.s:194    .text.HAL_InitTick:0000008c $d
C:\Users\vmyhr\AppData\Local\Temp\ccZTcYPF.s:265    .bss.htim4:00000000 htim4
C:\Users\vmyhr\AppData\Local\Temp\ccZTcYPF.s:203    .text.HAL_SuspendTick:00000000 $t
C:\Users\vmyhr\AppData\Local\Temp\ccZTcYPF.s:209    .text.HAL_SuspendTick:00000000 HAL_SuspendTick
C:\Users\vmyhr\AppData\Local\Temp\ccZTcYPF.s:227    .text.HAL_SuspendTick:00000010 $d
C:\Users\vmyhr\AppData\Local\Temp\ccZTcYPF.s:232    .text.HAL_ResumeTick:00000000 $t
C:\Users\vmyhr\AppData\Local\Temp\ccZTcYPF.s:238    .text.HAL_ResumeTick:00000000 HAL_ResumeTick
C:\Users\vmyhr\AppData\Local\Temp\ccZTcYPF.s:256    .text.HAL_ResumeTick:00000010 $d
C:\Users\vmyhr\AppData\Local\Temp\ccZTcYPF.s:262    .bss.htim4:00000000 $d

UNDEFINED SYMBOLS
HAL_RCC_GetClockConfig
HAL_RCC_GetPCLK1Freq
HAL_TIM_Base_Init
HAL_TIM_Base_Start_IT
HAL_NVIC_EnableIRQ
HAL_NVIC_SetPriority
uwTickPrio
